"../../../Engine/Content/EngineMaterials/T_Default_Material_Grid_M.ubulk" 0
"../../../Engine/Content/EngineMaterials/T_Default_Material_Grid_M.uasset" 1
"../../../Engine/Content/EngineMaterials/T_Default_Material_Grid_M.uexp" 2
"../../../Engine/Content/EngineMaterials/T_Default_Material_Grid_N.ubulk" 3
"../../../Engine/Content/EngineMaterials/T_Default_Material_Grid_N.uasset" 4
"../../../Engine/Content/EngineMaterials/T_Default_Material_Grid_N.uexp" 5
"../../../Engine/Content/Functions/Engine_MaterialFunctions01/Opacity/CameraDepthFade.uasset" 6
"../../../Engine/Content/Functions/Engine_MaterialFunctions01/Opacity/CameraDepthFade.uexp" 7
"../../../Engine/Content/EngineMaterials/DefaultMaterial.uasset" 8
"../../../Engine/Content/EngineMaterials/DefaultMaterial.uexp" 9
"../../../Engine/Content/BasicShapes/Sphere.ubulk" 10
"../../../Engine/Content/BasicShapes/Sphere.uasset" 11
"../../../Engine/Content/BasicShapes/Sphere.uexp" 12
"../../../Engine/Content/EngineMaterials/WorldGridMaterial.uasset" 13
"../../../Engine/Content/EngineMaterials/WorldGridMaterial.uexp" 14
"../../../Engine/Content/BasicShapes/Plane.ubulk" 15
"../../../Engine/Content/BasicShapes/Plane.uasset" 16
"../../../Engine/Content/BasicShapes/Plane.uexp" 17
"../../../Engine/Content/BasicShapes/Cylinder.ubulk" 18
"../../../Engine/Content/BasicShapes/Cylinder.uasset" 19
"../../../Engine/Content/BasicShapes/Cylinder.uexp" 20
"../../../Engine/Content/BasicShapes/Cone.ubulk" 21
"../../../Engine/Content/BasicShapes/Cone.uasset" 22
"../../../Engine/Content/BasicShapes/Cone.uexp" 23
"../../../Engine/Content/ArtTools/RenderToTexture/Meshes/S_1_Unit_Plane.ubulk" 24
"../../../Engine/Content/ArtTools/RenderToTexture/Meshes/S_1_Unit_Plane.uasset" 25
"../../../Engine/Content/ArtTools/RenderToTexture/Meshes/S_1_Unit_Plane.uexp" 26
"../../../Engine/Content/EditorMaterials/PreviewShadowIndicator.ubulk" 27
"../../../Engine/Content/EditorMaterials/PreviewShadowIndicator.uasset" 28
"../../../Engine/Content/EditorMaterials/PreviewShadowIndicator.uexp" 29
"../../../Engine/Content/EditorMaterials/PreviewShadowIndicatorMaterial.uasset" 30
"../../../Engine/Content/EditorMaterials/PreviewShadowIndicatorMaterial.uexp" 31
"../../../Engine/Content/EditorMaterials/MAT_Groups_Visibility.uasset" 32
"../../../Engine/Content/EditorMaterials/MAT_Groups_Visibility.uexp" 33
"../../../Engine/Content/EditorMaterials/MAT_Groups_Toggle.uasset" 34
"../../../Engine/Content/EditorMaterials/MAT_Groups_Toggle.uexp" 35
"../../../Engine/Content/EditorMaterials/MatineeGroups/MAT_Groups_Vector.uasset" 36
"../../../Engine/Content/EditorMaterials/MatineeGroups/MAT_Groups_Vector.uexp" 37
"../../../Engine/Content/EditorMaterials/MatineeGroups/MAT_Groups_Sound.uasset" 38
"../../../Engine/Content/EditorMaterials/MatineeGroups/MAT_Groups_Sound.uexp" 39
"../../../Engine/Content/EditorMaterials/MatineeGroups/MAT_Groups_Slomo.uasset" 40
"../../../Engine/Content/EditorMaterials/MatineeGroups/MAT_Groups_Slomo.uexp" 41
"../../../Engine/Content/EditorMaterials/MatineeGroups/MAT_Groups_Move.uasset" 42
"../../../Engine/Content/EditorMaterials/MatineeGroups/MAT_Groups_Move.uexp" 43
"../../../Engine/Content/EditorMaterials/MatineeGroups/MAT_Groups_Float.uasset" 44
"../../../Engine/Content/EditorMaterials/MatineeGroups/MAT_Groups_Float.uexp" 45
"../../../Engine/Content/EditorMaterials/MatineeGroups/MAT_Groups_Fade.uasset" 46
"../../../Engine/Content/EditorMaterials/MatineeGroups/MAT_Groups_Fade.uexp" 47
"../../../Engine/Content/EditorMaterials/MatineeGroups/MAT_Groups_Event.uasset" 48
"../../../Engine/Content/EditorMaterials/MatineeGroups/MAT_Groups_Event.uexp" 49
"../../../Engine/Content/EditorMaterials/MatineeGroups/MAT_Groups_Director.uasset" 50
"../../../Engine/Content/EditorMaterials/MatineeGroups/MAT_Groups_Director.uexp" 51
"../../../Engine/Content/EditorMaterials/MatineeGroups/MAT_Groups_AudioMaster.uasset" 52
"../../../Engine/Content/EditorMaterials/MatineeGroups/MAT_Groups_AudioMaster.uexp" 53
"../../../Engine/Content/EditorMaterials/MatineeGroups/MAT_Groups_Anim.uasset" 54
"../../../Engine/Content/EditorMaterials/MatineeGroups/MAT_Groups_Anim.uexp" 55
"../../../Engine/Content/EditorMaterials/MatineeGroups/MAT_ColorTrack.uasset" 56
"../../../Engine/Content/EditorMaterials/MatineeGroups/MAT_ColorTrack.uexp" 57
"../../../Engine/Content/EditorMaterials/Camera/CineMat.uasset" 58
"../../../Engine/Content/EditorMaterials/Camera/CineMat.uexp" 59
"../../../Engine/Content/EditorMaterials/Camera/MI_CineMat_Rig.uasset" 60
"../../../Engine/Content/EditorMaterials/Camera/MI_CineMat_Rig.uexp" 61
"../../../Engine/Content/EditorMeshes/Camera/SM_RailRig_Track.ubulk" 62
"../../../Engine/Content/EditorMeshes/Camera/SM_RailRig_Track.uasset" 63
"../../../Engine/Content/EditorMeshes/Camera/SM_RailRig_Track.uexp" 64
"../../../Engine/Content/EditorMeshes/Camera/SM_RailRig_Mount.ubulk" 65
"../../../Engine/Content/EditorMeshes/Camera/SM_RailRig_Mount.uasset" 66
"../../../Engine/Content/EditorMeshes/Camera/SM_RailRig_Mount.uexp" 67
"../../../Engine/Content/EditorMeshes/Camera/SM_CraneRig_Mount.ubulk" 68
"../../../Engine/Content/EditorMeshes/Camera/SM_CraneRig_Mount.uasset" 69
"../../../Engine/Content/EditorMeshes/Camera/SM_CraneRig_Mount.uexp" 70
"../../../Engine/Content/EditorMeshes/Camera/SM_CraneRig_Body.ubulk" 71
"../../../Engine/Content/EditorMeshes/Camera/SM_CraneRig_Body.uasset" 72
"../../../Engine/Content/EditorMeshes/Camera/SM_CraneRig_Body.uexp" 73
"../../../Engine/Content/EditorMeshes/Camera/SM_CraneRig_Base.ubulk" 74
"../../../Engine/Content/EditorMeshes/Camera/SM_CraneRig_Base.uasset" 75
"../../../Engine/Content/EditorMeshes/Camera/SM_CraneRig_Base.uexp" 76
"../../../Engine/Content/EditorMeshes/Camera/SM_CraneRig_Arm.ubulk" 77
"../../../Engine/Content/EditorMeshes/Camera/SM_CraneRig_Arm.uasset" 78
"../../../Engine/Content/EditorMeshes/Camera/SM_CraneRig_Arm.uexp" 79
"../../../Engine/Content/Functions/Engine_MaterialFunctions02/Utility/MakeFloat4.uasset" 80
"../../../Engine/Content/Functions/Engine_MaterialFunctions02/Utility/MakeFloat4.uexp" 81
"../../../Engine/Content/Functions/Engine_MaterialFunctions02/Utility/MakeFloat3.uasset" 82
"../../../Engine/Content/Functions/Engine_MaterialFunctions02/Utility/MakeFloat3.uexp" 83
"../../../Engine/Content/Functions/Engine_MaterialFunctions02/Utility/BreakOutFloat3Components.uasset" 84
"../../../Engine/Content/Functions/Engine_MaterialFunctions02/Utility/BreakOutFloat3Components.uexp" 85
"../../../Engine/Content/EditorMaterials/WorldPartition/WorldPartitionSpatialHashGridPreviewMaterial.uasset" 86
"../../../Engine/Content/EditorMaterials/WorldPartition/WorldPartitionSpatialHashGridPreviewMaterial.uexp" 87
"../../../Engine/Content/EditorMaterials/ParticleSystems/PSysThumbnail_OOD.ubulk" 88
"../../../Engine/Content/EditorMaterials/ParticleSystems/PSysThumbnail_OOD.uasset" 89
"../../../Engine/Content/EditorMaterials/ParticleSystems/PSysThumbnail_OOD.uexp" 90
"../../../Engine/Content/EditorMaterials/ParticleSystems/PSysThumbnail_NoImage.ubulk" 91
"../../../Engine/Content/EditorMaterials/ParticleSystems/PSysThumbnail_NoImage.uasset" 92
"../../../Engine/Content/EditorMaterials/ParticleSystems/PSysThumbnail_NoImage.uexp" 93
"../../../Engine/Content/EditorResources/S_TriggerSphere.uasset" 94
"../../../Engine/Content/EditorResources/S_TriggerSphere.uexp" 95
"../../../Engine/Content/EditorResources/S_TriggerCapsule.uasset" 96
"../../../Engine/Content/EditorResources/S_TriggerCapsule.uexp" 97
"../../../Engine/Content/EditorResources/S_TriggerBox.uasset" 98
"../../../Engine/Content/EditorResources/S_TriggerBox.uexp" 99
"../../../Engine/Content/EditorResources/S_Trigger.ubulk" 100
"../../../Engine/Content/EditorResources/S_Trigger.uasset" 101
"../../../Engine/Content/EditorResources/S_Trigger.uexp" 102
"../../../Engine/Content/EditorResources/S_Terrain.ubulk" 103
"../../../Engine/Content/EditorResources/S_Terrain.uasset" 104
"../../../Engine/Content/EditorResources/S_Terrain.uexp" 105
"../../../Engine/Content/EditorResources/S_Solver.ubulk" 106
"../../../Engine/Content/EditorResources/S_Solver.uasset" 107
"../../../Engine/Content/EditorResources/S_Solver.uexp" 108
"../../../Engine/Content/EditorResources/S_BoxReflectionCapture.uasset" 109
"../../../Engine/Content/EditorResources/S_BoxReflectionCapture.uexp" 110
"../../../Engine/Content/EditorResources/S_Actor.ubulk" 111
"../../../Engine/Content/EditorResources/S_Actor.uasset" 112
"../../../Engine/Content/EditorResources/S_Actor.uexp" 113
"../../../Engine/Content/EditorResources/EmptyActor.uasset" 114
"../../../Engine/Content/EditorResources/EmptyActor.uexp" 115
"../../../Engine/Content/EditorResources/BSPVertex.uasset" 116
"../../../Engine/Content/EditorResources/BSPVertex.uexp" 117
"../../../Engine/Content/EditorResources/SequenceRecorder/RecordingIndicator.uasset" 118
"../../../Engine/Content/EditorResources/SequenceRecorder/RecordingIndicator.uexp" 119
"../../../Engine/Content/EditorResources/SequenceRecorder/Countdown.uasset" 120
"../../../Engine/Content/EditorResources/SequenceRecorder/Countdown.uexp" 121
"../../../Engine/Content/EngineSounds/Master.uasset" 122
"../../../Engine/Content/EngineSounds/Master.uexp" 123
"../../../Engine/Content/EngineSky/VolumetricClouds/CloudWeatherTexture.uasset" 124
"../../../Engine/Content/EngineSky/VolumetricClouds/CloudWeatherTexture.uexp" 125
"../../../Engine/Content/Functions/Engine_MaterialFunctions02/Utility/MakeFloat2.uasset" 126
"../../../Engine/Content/Functions/Engine_MaterialFunctions02/Utility/MakeFloat2.uexp" 127
"../../../Engine/Content/EngineSky/VolumetricClouds/CloudGradientTexture.uasset" 128
"../../../Engine/Content/EngineSky/VolumetricClouds/CloudGradientTexture.uexp" 129
"../../../Engine/Content/EngineSky/VolumetricClouds/T_NoiseShape64.ubulk" 130
"../../../Engine/Content/EngineSky/VolumetricClouds/T_NoiseShape64.uasset" 131
"../../../Engine/Content/EngineSky/VolumetricClouds/T_NoiseShape64.uexp" 132
"../../../Engine/Content/EngineSky/VolumetricClouds/T_VolumeNoiseShape64.uasset" 133
"../../../Engine/Content/EngineSky/VolumetricClouds/T_VolumeNoiseShape64.uexp" 134
"../../../Engine/Content/EngineSky/VolumetricClouds/T_NoiseErosion.ubulk" 135
"../../../Engine/Content/EngineSky/VolumetricClouds/T_NoiseErosion.uasset" 136
"../../../Engine/Content/EngineSky/VolumetricClouds/T_NoiseErosion.uexp" 137
"../../../Engine/Content/EngineSky/VolumetricClouds/T_VolumeNoiseErosion32.uasset" 138
"../../../Engine/Content/EngineSky/VolumetricClouds/T_VolumeNoiseErosion32.uexp" 139
"../../../Engine/Content/EngineSky/VolumetricClouds/m_SimpleVolumetricCloud.uasset" 140
"../../../Engine/Content/EngineSky/VolumetricClouds/m_SimpleVolumetricCloud.uexp" 141
"../../../Engine/Content/EngineSky/VolumetricClouds/m_SimpleVolumetricCloud_Inst.uasset" 142
"../../../Engine/Content/EngineSky/VolumetricClouds/m_SimpleVolumetricCloud_Inst.uexp" 143
"../../../Engine/Content/EngineResources/GradientTexture0.uasset" 144
"../../../Engine/Content/EngineResources/GradientTexture0.uexp" 145
"../../../Engine/Content/EngineResources/DefaultVolumeTexture2D.uasset" 146
"../../../Engine/Content/EngineResources/DefaultVolumeTexture2D.uexp" 147
"../../../Engine/Content/EngineResources/DefaultVolumeTexture.uasset" 148
"../../../Engine/Content/EngineResources/DefaultVolumeTexture.uexp" 149
"../../../Engine/Content/EngineResources/DefaultTextureCube.uasset" 150
"../../../Engine/Content/EngineResources/DefaultTextureCube.uexp" 151
"../../../Engine/Content/EngineResources/DefaultTexture.ubulk" 152
"../../../Engine/Content/EngineResources/DefaultTexture.uasset" 153
"../../../Engine/Content/EngineResources/DefaultTexture.uexp" 154
"../../../Engine/Content/EngineResources/Black.uasset" 155
"../../../Engine/Content/EngineResources/Black.uexp" 156
"../../../Engine/Content/Functions/Engine_MaterialFunctions01/Shading/PowerToRoughness.uasset" 157
"../../../Engine/Content/Functions/Engine_MaterialFunctions01/Shading/PowerToRoughness.uexp" 158
"../../../Engine/Content/Functions/Engine_MaterialFunctions01/Shading/ConvertFromDiffSpec.uasset" 159
"../../../Engine/Content/Functions/Engine_MaterialFunctions01/Shading/ConvertFromDiffSpec.uexp" 160
"../../../Engine/Content/EngineResources/FilmGrains/Marcie_Grain_v3_128_M2_000.uasset" 161
"../../../Engine/Content/EngineResources/FilmGrains/Marcie_Grain_v3_128_M2_000.uexp" 162
"../../../Engine/Content/EngineMeshes/Sphere.ubulk" 163
"../../../Engine/Content/EngineMeshes/Sphere.uasset" 164
"../../../Engine/Content/EngineMeshes/Sphere.uexp" 165
"../../../Engine/Content/EngineResources/WhiteSquareTexture.uasset" 166
"../../../Engine/Content/EngineResources/WhiteSquareTexture.uexp" 167
"../../../Engine/Content/EngineMaterials/Widget3DPassThrough.uasset" 168
"../../../Engine/Content/EngineMaterials/Widget3DPassThrough.uexp" 169
"../../../Engine/Content/EngineMaterials/Widget3DPassThrough_Translucent.uasset" 170
"../../../Engine/Content/EngineMaterials/Widget3DPassThrough_Translucent.uexp" 171
"../../../Engine/Content/EngineMaterials/Widget3DPassThrough_Translucent_OneSided.uasset" 172
"../../../Engine/Content/EngineMaterials/Widget3DPassThrough_Translucent_OneSided.uexp" 173
"../../../Engine/Content/EngineMaterials/Widget3DPassThrough_Opaque.uasset" 174
"../../../Engine/Content/EngineMaterials/Widget3DPassThrough_Opaque.uexp" 175
"../../../Engine/Content/EngineMaterials/Widget3DPassThrough_Opaque_OneSided.uasset" 176
"../../../Engine/Content/EngineMaterials/Widget3DPassThrough_Opaque_OneSided.uexp" 177
"../../../Engine/Content/EngineMaterials/Widget3DPassThrough_Masked_OneSided.uasset" 178
"../../../Engine/Content/EngineMaterials/Widget3DPassThrough_Masked_OneSided.uexp" 179
"../../../Engine/Content/EngineMaterials/Widget3DPassThrough_Masked.uasset" 180
"../../../Engine/Content/EngineMaterials/Widget3DPassThrough_Masked.uexp" 181
"../../../Engine/Content/EngineMaterials/WeightMapPlaceholderTexture.uasset" 182
"../../../Engine/Content/EngineMaterials/WeightMapPlaceholderTexture.uexp" 183
"../../../Engine/Content/EngineMaterials/RemoveSurfaceMaterial.uasset" 184
"../../../Engine/Content/EngineMaterials/RemoveSurfaceMaterial.uexp" 185
"../../../Engine/Content/EngineMaterials/PreintegratedSkinBRDF.uasset" 186
"../../../Engine/Content/EngineMaterials/PreintegratedSkinBRDF.uexp" 187
"../../../Engine/Content/EngineMaterials/DefaultCalibrationGrayscale.uasset" 188
"../../../Engine/Content/EngineMaterials/DefaultCalibrationGrayscale.uexp" 189
"../../../Engine/Content/EngineMaterials/PPM_DefaultCalibrationGrayscale.uasset" 190
"../../../Engine/Content/EngineMaterials/PPM_DefaultCalibrationGrayscale.uexp" 191
"../../../Engine/Content/EngineMaterials/DefaultCalibrationColor.uasset" 192
"../../../Engine/Content/EngineMaterials/DefaultCalibrationColor.uexp" 193
"../../../Engine/Content/EngineMaterials/PPM_DefaultCalibrationColor.uasset" 194
"../../../Engine/Content/EngineMaterials/PPM_DefaultCalibrationColor.uexp" 195
"../../../Engine/Content/Functions/Engine_MaterialFunctions02/WorldPositionOffset/CameraOffset.uasset" 196
"../../../Engine/Content/Functions/Engine_MaterialFunctions02/WorldPositionOffset/CameraOffset.uexp" 197
"../../../Engine/Content/EngineMaterials/PhAT_JointLimitMaterial.uasset" 198
"../../../Engine/Content/EngineMaterials/PhAT_JointLimitMaterial.uexp" 199
"../../../Engine/Content/EngineMaterials/InvalidLightmapSettings.ubulk" 200
"../../../Engine/Content/EngineMaterials/InvalidLightmapSettings.uasset" 201
"../../../Engine/Content/EngineMaterials/InvalidLightmapSettings.uexp" 202
"../../../Engine/Content/EngineMaterials/M_InvalidLightmapSettings.uasset" 203
"../../../Engine/Content/EngineMaterials/M_InvalidLightmapSettings.uexp" 204
"../../../Engine/Content/EngineMaterials/MiniFont.uasset" 205
"../../../Engine/Content/EngineMaterials/MiniFont.uexp" 206
"../../../Engine/Content/EngineMaterials/Good64x64TilingNoiseHighFreq.uasset" 207
"../../../Engine/Content/EngineMaterials/Good64x64TilingNoiseHighFreq.uexp" 208
"../../../Engine/Content/EngineMaterials/GizmoMaterial.uasset" 209
"../../../Engine/Content/EngineMaterials/GizmoMaterial.uexp" 210
"../../../Engine/Content/EngineMaterials/BaseFlattenEmissiveMap_VT.uasset" 211
"../../../Engine/Content/EngineMaterials/BaseFlattenEmissiveMap_VT.uexp" 212
"../../../Engine/Content/EngineMaterials/BaseFlattenGrayscaleMap_VT.uasset" 213
"../../../Engine/Content/EngineMaterials/BaseFlattenGrayscaleMap_VT.uexp" 214
"../../../Engine/Content/EngineMaterials/BaseFlattenLinearColor_VT.uasset" 215
"../../../Engine/Content/EngineMaterials/BaseFlattenLinearColor_VT.uexp" 216
"../../../Engine/Content/EngineMaterials/Black_1x1_EXR_Texture_VT.uasset" 217
"../../../Engine/Content/EngineMaterials/Black_1x1_EXR_Texture_VT.uexp" 218
"../../../Engine/Content/EngineMaterials/BaseFlattenDiffuseMap_VT.uasset" 219
"../../../Engine/Content/EngineMaterials/BaseFlattenDiffuseMap_VT.uexp" 220
"../../../Engine/Content/EngineMaterials/BaseFlattenNormalMap_VT.uasset" 221
"../../../Engine/Content/EngineMaterials/BaseFlattenNormalMap_VT.uexp" 222
"../../../Engine/Content/EngineMaterials/FlattenMaterial_WS_Normal_VT.uasset" 223
"../../../Engine/Content/EngineMaterials/FlattenMaterial_WS_Normal_VT.uexp" 224
"../../../Engine/Content/EngineMaterials/FlattenMaterial_VT.uasset" 225
"../../../Engine/Content/EngineMaterials/FlattenMaterial_VT.uexp" 226
"../../../Engine/Content/EngineMaterials/BaseFlattenNormalMap.uasset" 227
"../../../Engine/Content/EngineMaterials/BaseFlattenNormalMap.uexp" 228
"../../../Engine/Content/EngineMaterials/BaseFlattenGrayscaleMap.uasset" 229
"../../../Engine/Content/EngineMaterials/BaseFlattenGrayscaleMap.uexp" 230
"../../../Engine/Content/EngineMaterials/BaseFlattenDiffuseMap.uasset" 231
"../../../Engine/Content/EngineMaterials/BaseFlattenDiffuseMap.uexp" 232
"../../../Engine/Content/Functions/Engine_MaterialFunctions02/PivotPainter2/Black_1x1_EXR_Texture.uasset" 233
"../../../Engine/Content/Functions/Engine_MaterialFunctions02/PivotPainter2/Black_1x1_EXR_Texture.uexp" 234
"../../../Engine/Content/EngineMaterials/BaseFlattenEmissiveMap.uasset" 235
"../../../Engine/Content/EngineMaterials/BaseFlattenEmissiveMap.uexp" 236
"../../../Engine/Content/EngineMaterials/BaseFlattenLinearColor.uasset" 237
"../../../Engine/Content/EngineMaterials/BaseFlattenLinearColor.uexp" 238
"../../../Engine/Content/EngineMaterials/FlattenMaterial.uasset" 239
"../../../Engine/Content/EngineMaterials/FlattenMaterial.uexp" 240
"../../../Engine/Content/EngineMaterials/DefaultWhiteGrid_Low.uasset" 241
"../../../Engine/Content/EngineMaterials/DefaultWhiteGrid_Low.uexp" 242
"../../../Engine/Content/EngineMaterials/EmissiveMeshMaterial.uasset" 243
"../../../Engine/Content/EngineMaterials/EmissiveMeshMaterial.uexp" 244
"../../../Engine/Content/EngineMaterials/DefaultWhiteGrid.ubulk" 245
"../../../Engine/Content/EngineMaterials/DefaultWhiteGrid.uasset" 246
"../../../Engine/Content/EngineMaterials/DefaultWhiteGrid.uexp" 247
"../../../Engine/Content/EngineFonts/RobotoDistanceField.uasset" 248
"../../../Engine/Content/EngineFonts/RobotoDistanceField.uexp" 249
"../../../Engine/Content/EngineMaterials/DefaultTextMaterialOpaque.uasset" 250
"../../../Engine/Content/EngineMaterials/DefaultTextMaterialOpaque.uexp" 251
"../../../Engine/Content/EngineMaterials/DefaultDiffuse.ubulk" 252
"../../../Engine/Content/EngineMaterials/DefaultDiffuse.uasset" 253
"../../../Engine/Content/EngineMaterials/DefaultDiffuse.uexp" 254
"../../../Engine/Content/Functions/Engine_MaterialFunctions02/Utility/BreakOutFloat2Components.uasset" 255
"../../../Engine/Content/Functions/Engine_MaterialFunctions02/Utility/BreakOutFloat2Components.uexp" 256
"../../../Engine/Content/EngineMaterials/DefaultPostProcessMaterial.uasset" 257
"../../../Engine/Content/EngineMaterials/DefaultPostProcessMaterial.uexp" 258
"../../../Engine/Content/EngineMaterials/DefaultPhysicalMaterial.uasset" 259
"../../../Engine/Content/EngineMaterials/DefaultPhysicalMaterial.uexp" 260
"../../../Engine/Content/EngineMaterials/DefaultLightFunctionMaterial.uasset" 261
"../../../Engine/Content/EngineMaterials/DefaultLightFunctionMaterial.uexp" 262
"../../../Engine/Content/EngineMaterials/DefaultDestructiblePhysicalMaterial.uasset" 263
"../../../Engine/Content/EngineMaterials/DefaultDestructiblePhysicalMaterial.uexp" 264
"../../../Engine/Content/EngineMaterials/DefaultDeferredDecalMaterial.uasset" 265
"../../../Engine/Content/EngineMaterials/DefaultDeferredDecalMaterial.uexp" 266
"../../../Engine/Content/EngineMaterials/DefaultBokeh.uasset" 267
"../../../Engine/Content/EngineMaterials/DefaultBokeh.uexp" 268
"../../../Engine/Content/EngineMaterials/DefaultBloomKernel.uasset" 269
"../../../Engine/Content/EngineMaterials/DefaultBloomKernel.uexp" 270
"../../../Engine/Content/EngineMaterials/BlueNoise.uasset" 271
"../../../Engine/Content/EngineMaterials/BlueNoise.uexp" 272
"../../../Engine/Content/EngineFonts/Faces/RobotoLight.uexp" 273
"../../../Engine/Content/EngineFonts/Faces/RobotoLight.uasset" 274
"../../../Engine/Content/EngineFonts/Faces/RobotoLight.ufont" 275
"../../../Engine/Content/EngineFonts/Faces/RobotoBold.uexp" 276
"../../../Engine/Content/EngineFonts/Faces/RobotoBold.uasset" 277
"../../../Engine/Content/EngineFonts/Faces/RobotoBold.ufont" 278
"../../../Engine/Content/EngineFonts/Faces/RobotoRegular.uexp" 279
"../../../Engine/Content/EngineFonts/Faces/RobotoRegular.uasset" 280
"../../../Engine/Content/EngineFonts/Faces/RobotoRegular.ufont" 281
"../../../Engine/Content/EngineFonts/Faces/DroidSansFallback.uexp" 282
"../../../Engine/Content/EngineFonts/Faces/DroidSansFallback.uasset" 283
"../../../Engine/Content/EngineFonts/Faces/DroidSansFallback.ufont" 284
"../../../Engine/Content/EngineFonts/Faces/RobotoItalic.uexp" 285
"../../../Engine/Content/EngineFonts/Faces/RobotoItalic.uasset" 286
"../../../Engine/Content/EngineFonts/Faces/RobotoItalic.ufont" 287
"../../../Engine/Content/EngineFonts/Faces/RobotoBoldItalic.uexp" 288
"../../../Engine/Content/EngineFonts/Faces/RobotoBoldItalic.uasset" 289
"../../../Engine/Content/EngineFonts/Faces/RobotoBoldItalic.ufont" 290
"../../../Engine/Content/EngineFonts/Roboto.uasset" 291
"../../../Engine/Content/EngineFonts/Roboto.uexp" 292
"../../../Engine/Content/Functions/Engine_MaterialFunctions02/Utility/CameraDirectionVector.uasset" 293
"../../../Engine/Content/Functions/Engine_MaterialFunctions02/Utility/CameraDirectionVector.uexp" 294
"../../../Engine/Content/EngineDebugMaterials/VolumeToRender.uasset" 295
"../../../Engine/Content/EngineDebugMaterials/VolumeToRender.uexp" 296
"../../../Engine/Content/EngineDebugMaterials/M_VolumeRenderSphereTracePP.uasset" 297
"../../../Engine/Content/EngineDebugMaterials/M_VolumeRenderSphereTracePP.uexp" 298
"../../../Engine/Content/EngineDebugMaterials/M_SimpleUnlitTranslucent.uasset" 299
"../../../Engine/Content/EngineDebugMaterials/M_SimpleUnlitTranslucent.uexp" 300
"../../../Engine/Content/EngineDebugMaterials/DebugMeshMaterial.uasset" 301
"../../../Engine/Content/EngineDebugMaterials/DebugMeshMaterial.uexp" 302
"../../../Engine/Content/EngineDebugMaterials/DebugEditorMaterial.uasset" 303
"../../../Engine/Content/EngineDebugMaterials/DebugEditorMaterial.uexp" 304
"../../../Engine/Content/EngineDamageTypes/DmgTypeBP_Environmental.uasset" 305
"../../../Engine/Content/EngineDamageTypes/DmgTypeBP_Environmental.uexp" 306
"../../../Engine/Content/EditorLandscapeResources/DefaultAlphaTexture.uasset" 307
"../../../Engine/Content/EditorLandscapeResources/DefaultAlphaTexture.uexp" 308
"../../../Engine/Content/EditorLandscapeResources/DataLayer.uasset" 309
"../../../Engine/Content/EditorLandscapeResources/DataLayer.uexp" 310
"../../../Engine/Content/MobileResources/HUD/VirtualJoystick_Background.uasset" 311
"../../../Engine/Content/MobileResources/HUD/VirtualJoystick_Background.uexp" 312
"../../../Engine/Content/MobileResources/HUD/VirtualJoystick_Thumb.uasset" 313
"../../../Engine/Content/MobileResources/HUD/VirtualJoystick_Thumb.uexp" 314
"../../../Engine/Content/MobileResources/HUD/DefaultVirtualJoysticks.uasset" 315
"../../../Engine/Content/MobileResources/HUD/DefaultVirtualJoysticks.uexp" 316
"../../../Engine/Content/Tutorial/ContentIntroCurve.uasset" 317
"../../../Engine/Content/Tutorial/ContentIntroCurve.uexp" 318
"../../../Engine/Content/VREditor/TransformGizmo/Main.uasset" 319
"../../../Engine/Content/VREditor/TransformGizmo/Main.uexp" 320
"../../../Engine/Content/VREditor/TransformGizmo/Xray.uasset" 321
"../../../Engine/Content/VREditor/TransformGizmo/Xray.uexp" 322
"../../../Engine/Content/VREditor/TransformGizmo/SM_Sequencer_Node.ubulk" 323
"../../../Engine/Content/VREditor/TransformGizmo/SM_Sequencer_Node.uasset" 324
"../../../Engine/Content/VREditor/TransformGizmo/SM_Sequencer_Node.uexp" 325
"../../../Engine/Content/VREditor/LaserPointer/VR_LaserPower_01.ubulk" 326
"../../../Engine/Content/VREditor/LaserPointer/VR_LaserPower_01.uasset" 327
"../../../Engine/Content/VREditor/LaserPointer/VR_LaserPower_01.uexp" 328
"../../../Engine/Content/VREditor/TransformGizmo/TransformGizmoMaterial.uasset" 329
"../../../Engine/Content/VREditor/TransformGizmo/TransformGizmoMaterial.uexp" 330
"../../../Engine/Content/VREditor/TransformGizmo/TranslucentTransformGizmoMaterial.uasset" 331
"../../../Engine/Content/VREditor/TransformGizmo/TranslucentTransformGizmoMaterial.uexp" 332
"../../../Engine/Content/VREditor/TransformGizmo/PlaneTranslationHandle.ubulk" 333
"../../../Engine/Content/VREditor/TransformGizmo/PlaneTranslationHandle.uasset" 334
"../../../Engine/Content/VREditor/TransformGizmo/PlaneTranslationHandle.uexp" 335
"../../../Engine/Content/VREditor/TransformGizmo/BoundingBoxEdge.ubulk" 336
"../../../Engine/Content/VREditor/TransformGizmo/BoundingBoxEdge.uasset" 337
"../../../Engine/Content/VREditor/TransformGizmo/BoundingBoxEdge.uexp" 338
"../../../Engine/Content/VREditor/TransformGizmo/BoundingBoxCorner.ubulk" 339
"../../../Engine/Content/VREditor/TransformGizmo/BoundingBoxCorner.uasset" 340
"../../../Engine/Content/VREditor/TransformGizmo/BoundingBoxCorner.uexp" 341
"../../../Engine/Plugins/2D/Paper2D/Content/PlaceholderTextures/DummySpriteTexture.ubulk" 342
"../../../Engine/Plugins/2D/Paper2D/Content/PlaceholderTextures/DummySpriteTexture.uasset" 343
"../../../Engine/Plugins/2D/Paper2D/Content/PlaceholderTextures/DummySpriteTexture.uexp" 344
"../../../Engine/Plugins/2D/Paper2D/Content/DefaultSpriteMaterial.uasset" 345
"../../../Engine/Plugins/2D/Paper2D/Content/DefaultSpriteMaterial.uexp" 346
"../../../Engine/Plugins/2D/Paper2D/Content/OpaqueUnlitSpriteMaterial.uasset" 347
"../../../Engine/Plugins/2D/Paper2D/Content/OpaqueUnlitSpriteMaterial.uexp" 348
"../../../Engine/Plugins/2D/Paper2D/Content/MaskedUnlitSpriteMaterial.uasset" 349
"../../../Engine/Plugins/2D/Paper2D/Content/MaskedUnlitSpriteMaterial.uexp" 350
"../../../Engine/Plugins/2D/Paper2D/Content/DummySprite.uasset" 351
"../../../Engine/Plugins/2D/Paper2D/Content/DummySprite.uexp" 352
"../../../Engine/Plugins/2D/Paper2D/Content/DefaultPaperTerrainMaterial.uasset" 353
"../../../Engine/Plugins/2D/Paper2D/Content/DefaultPaperTerrainMaterial.uexp" 354
"../../../Engine/Plugins/Animation/ControlRig/Content/M_Manip.uasset" 355
"../../../Engine/Plugins/Animation/ControlRig/Content/M_Manip.uexp" 356
"../../../Engine/Plugins/Animation/ControlRig/Content/Controls/DefaultGizmoLibraryNormalized.uasset" 357
"../../../Engine/Plugins/Animation/ControlRig/Content/Controls/DefaultGizmoLibraryNormalized.uexp" 358
"../../../Engine/Plugins/Animation/ControlRig/Content/Controls/ControlRig_Wedge_solid.ubulk" 359
"../../../Engine/Plugins/Animation/ControlRig/Content/Controls/ControlRig_Wedge_solid.uasset" 360
"../../../Engine/Plugins/Animation/ControlRig/Content/Controls/ControlRig_Wedge_solid.uexp" 361
"../../../Engine/Plugins/Animation/ControlRig/Content/Controls/ControlRig_Wedge_3mm.ubulk" 362
"../../../Engine/Plugins/Animation/ControlRig/Content/Controls/ControlRig_Wedge_3mm.uasset" 363
"../../../Engine/Plugins/Animation/ControlRig/Content/Controls/ControlRig_Wedge_3mm.uexp" 364
"../../../Engine/Plugins/Animation/ControlRig/Content/Controls/ControlRig_Wedge_1mm.ubulk" 365
"../../../Engine/Plugins/Animation/ControlRig/Content/Controls/ControlRig_Wedge_1mm.uasset" 366
"../../../Engine/Plugins/Animation/ControlRig/Content/Controls/ControlRig_Wedge_1mm.uexp" 367
"../../../Engine/Plugins/Animation/ControlRig/Content/Controls/ControlRig_Triangle_solid.ubulk" 368
"../../../Engine/Plugins/Animation/ControlRig/Content/Controls/ControlRig_Triangle_solid.uasset" 369
"../../../Engine/Plugins/Animation/ControlRig/Content/Controls/ControlRig_Triangle_solid.uexp" 370
"../../../Engine/Plugins/Animation/ControlRig/Content/Controls/ControlRig_Triangle_3mm.ubulk" 371
"../../../Engine/Plugins/Animation/ControlRig/Content/Controls/ControlRig_Triangle_3mm.uasset" 372
"../../../Engine/Plugins/Animation/ControlRig/Content/Controls/ControlRig_Triangle_3mm.uexp" 373
"../../../Engine/Plugins/Animation/ControlRig/Content/Controls/ControlRig_Triangle_1mm.ubulk" 374
"../../../Engine/Plugins/Animation/ControlRig/Content/Controls/ControlRig_Triangle_1mm.uasset" 375
"../../../Engine/Plugins/Animation/ControlRig/Content/Controls/ControlRig_Triangle_1mm.uexp" 376
"../../../Engine/Plugins/Animation/ControlRig/Content/Controls/ControlRig_Star4_solid.ubulk" 377
"../../../Engine/Plugins/Animation/ControlRig/Content/Controls/ControlRig_Star4_solid.uasset" 378
"../../../Engine/Plugins/Animation/ControlRig/Content/Controls/ControlRig_Star4_solid.uexp" 379
"../../../Engine/Plugins/Animation/ControlRig/Content/Controls/ControlRig_Star4_3mm.ubulk" 380
"../../../Engine/Plugins/Animation/ControlRig/Content/Controls/ControlRig_Star4_3mm.uasset" 381
"../../../Engine/Plugins/Animation/ControlRig/Content/Controls/ControlRig_Star4_3mm.uexp" 382
"../../../Engine/Plugins/Animation/ControlRig/Content/Controls/ControlRig_Star4_1mm.ubulk" 383
"../../../Engine/Plugins/Animation/ControlRig/Content/Controls/ControlRig_Star4_1mm.uasset" 384
"../../../Engine/Plugins/Animation/ControlRig/Content/Controls/ControlRig_Star4_1mm.uexp" 385
"../../../Engine/Plugins/Animation/ControlRig/Content/Controls/ControlRig_Square_solid.ubulk" 386
"../../../Engine/Plugins/Animation/ControlRig/Content/Controls/ControlRig_Square_solid.uasset" 387
"../../../Engine/Plugins/Animation/ControlRig/Content/Controls/ControlRig_Square_solid.uexp" 388
"../../../Engine/Plugins/Animation/ControlRig/Content/Controls/ControlRig_Square_3mm.ubulk" 389
"../../../Engine/Plugins/Animation/ControlRig/Content/Controls/ControlRig_Square_3mm.uasset" 390
"../../../Engine/Plugins/Animation/ControlRig/Content/Controls/ControlRig_Square_3mm.uexp" 391
"../../../Engine/Plugins/Animation/ControlRig/Content/Controls/ControlRig_Square_1mm.ubulk" 392
"../../../Engine/Plugins/Animation/ControlRig/Content/Controls/ControlRig_Square_1mm.uasset" 393
"../../../Engine/Plugins/Animation/ControlRig/Content/Controls/ControlRig_Square_1mm.uexp" 394
"../../../Engine/Plugins/Animation/ControlRig/Content/Controls/ControlRig_Sphere_solid.ubulk" 395
"../../../Engine/Plugins/Animation/ControlRig/Content/Controls/ControlRig_Sphere_solid.uasset" 396
"../../../Engine/Plugins/Animation/ControlRig/Content/Controls/ControlRig_Sphere_solid.uexp" 397
"../../../Engine/Plugins/Animation/ControlRig/Content/Controls/ControlRig_Sphere_3mm.ubulk" 398
"../../../Engine/Plugins/Animation/ControlRig/Content/Controls/ControlRig_Sphere_3mm.uasset" 399
"../../../Engine/Plugins/Animation/ControlRig/Content/Controls/ControlRig_Sphere_3mm.uexp" 400
"../../../Engine/Plugins/Animation/ControlRig/Content/Controls/ControlRig_Sphere_1mm.ubulk" 401
"../../../Engine/Plugins/Animation/ControlRig/Content/Controls/ControlRig_Sphere_1mm.uasset" 402
"../../../Engine/Plugins/Animation/ControlRig/Content/Controls/ControlRig_Sphere_1mm.uexp" 403
"../../../Engine/Plugins/Animation/ControlRig/Content/Controls/ControlRig_RoundedTriangle_solid.ubulk" 404
"../../../Engine/Plugins/Animation/ControlRig/Content/Controls/ControlRig_RoundedTriangle_solid.uasset" 405
"../../../Engine/Plugins/Animation/ControlRig/Content/Controls/ControlRig_RoundedTriangle_solid.uexp" 406
"../../../Engine/Plugins/Animation/ControlRig/Content/Controls/ControlRig_RoundedTriangle_3mm.ubulk" 407
"../../../Engine/Plugins/Animation/ControlRig/Content/Controls/ControlRig_RoundedTriangle_3mm.uasset" 408
"../../../Engine/Plugins/Animation/ControlRig/Content/Controls/ControlRig_RoundedTriangle_3mm.uexp" 409
"../../../Engine/Plugins/Animation/ControlRig/Content/Controls/ControlRig_RoundedTriangle_1mm.ubulk" 410
"../../../Engine/Plugins/Animation/ControlRig/Content/Controls/ControlRig_RoundedTriangle_1mm.uasset" 411
"../../../Engine/Plugins/Animation/ControlRig/Content/Controls/ControlRig_RoundedTriangle_1mm.uexp" 412
"../../../Engine/Plugins/Animation/ControlRig/Content/Controls/ControlRig_RoundedSquare_solid.ubulk" 413
"../../../Engine/Plugins/Animation/ControlRig/Content/Controls/ControlRig_RoundedSquare_solid.uasset" 414
"../../../Engine/Plugins/Animation/ControlRig/Content/Controls/ControlRig_RoundedSquare_solid.uexp" 415
"../../../Engine/Plugins/Animation/ControlRig/Content/Controls/ControlRig_RoundedSquare_3mm.ubulk" 416
"../../../Engine/Plugins/Animation/ControlRig/Content/Controls/ControlRig_RoundedSquare_3mm.uasset" 417
"../../../Engine/Plugins/Animation/ControlRig/Content/Controls/ControlRig_RoundedSquare_3mm.uexp" 418
"../../../Engine/Plugins/Animation/ControlRig/Content/Controls/ControlRig_RoundedSquare_1mm.ubulk" 419
"../../../Engine/Plugins/Animation/ControlRig/Content/Controls/ControlRig_RoundedSquare_1mm.uasset" 420
"../../../Engine/Plugins/Animation/ControlRig/Content/Controls/ControlRig_RoundedSquare_1mm.uexp" 421
"../../../Engine/Plugins/Animation/ControlRig/Content/Controls/ControlRig_QuarterCircle_solid.ubulk" 422
"../../../Engine/Plugins/Animation/ControlRig/Content/Controls/ControlRig_QuarterCircle_solid.uasset" 423
"../../../Engine/Plugins/Animation/ControlRig/Content/Controls/ControlRig_QuarterCircle_solid.uexp" 424
"../../../Engine/Plugins/Animation/ControlRig/Content/Controls/ControlRig_QuarterCircle_3mm.ubulk" 425
"../../../Engine/Plugins/Animation/ControlRig/Content/Controls/ControlRig_QuarterCircle_3mm.uasset" 426
"../../../Engine/Plugins/Animation/ControlRig/Content/Controls/ControlRig_QuarterCircle_3mm.uexp" 427
"../../../Engine/Plugins/Animation/ControlRig/Content/Controls/ControlRig_QuarterCircle_1mm.ubulk" 428
"../../../Engine/Plugins/Animation/ControlRig/Content/Controls/ControlRig_QuarterCircle_1mm.uasset" 429
"../../../Engine/Plugins/Animation/ControlRig/Content/Controls/ControlRig_QuarterCircle_1mm.uexp" 430
"../../../Engine/Plugins/Animation/ControlRig/Content/Controls/ControlRig_Pyramid_solid.ubulk" 431
"../../../Engine/Plugins/Animation/ControlRig/Content/Controls/ControlRig_Pyramid_solid.uasset" 432
"../../../Engine/Plugins/Animation/ControlRig/Content/Controls/ControlRig_Pyramid_solid.uexp" 433
"../../../Engine/Plugins/Animation/ControlRig/Content/Controls/ControlRig_Pyramid_3mm.ubulk" 434
"../../../Engine/Plugins/Animation/ControlRig/Content/Controls/ControlRig_Pyramid_3mm.uasset" 435
"../../../Engine/Plugins/Animation/ControlRig/Content/Controls/ControlRig_Pyramid_3mm.uexp" 436
"../../../Engine/Plugins/Animation/ControlRig/Content/Controls/ControlRig_Pyramid_1mm.ubulk" 437
"../../../Engine/Plugins/Animation/ControlRig/Content/Controls/ControlRig_Pyramid_1mm.uasset" 438
"../../../Engine/Plugins/Animation/ControlRig/Content/Controls/ControlRig_Pyramid_1mm.uexp" 439
"../../../Engine/Plugins/Animation/ControlRig/Content/Controls/ControlRig_Octagon_solid.ubulk" 440
"../../../Engine/Plugins/Animation/ControlRig/Content/Controls/ControlRig_Octagon_solid.uasset" 441
"../../../Engine/Plugins/Animation/ControlRig/Content/Controls/ControlRig_Octagon_solid.uexp" 442
"../../../Engine/Plugins/Animation/ControlRig/Content/Controls/ControlRig_Octagon_3mm.ubulk" 443
"../../../Engine/Plugins/Animation/ControlRig/Content/Controls/ControlRig_Octagon_3mm.uasset" 444
"../../../Engine/Plugins/Animation/ControlRig/Content/Controls/ControlRig_Octagon_3mm.uexp" 445
"../../../Engine/Plugins/Animation/ControlRig/Content/Controls/ControlRig_Octagon_1mm.ubulk" 446
"../../../Engine/Plugins/Animation/ControlRig/Content/Controls/ControlRig_Octagon_1mm.uasset" 447
"../../../Engine/Plugins/Animation/ControlRig/Content/Controls/ControlRig_Octagon_1mm.uexp" 448
"../../../Engine/Plugins/Animation/ControlRig/Content/Controls/ControlRig_Hexagon_solid.ubulk" 449
"../../../Engine/Plugins/Animation/ControlRig/Content/Controls/ControlRig_Hexagon_solid.uasset" 450
"../../../Engine/Plugins/Animation/ControlRig/Content/Controls/ControlRig_Hexagon_solid.uexp" 451
"../../../Engine/Plugins/Animation/ControlRig/Content/Controls/ControlRig_Hexagon_3mm.ubulk" 452
"../../../Engine/Plugins/Animation/ControlRig/Content/Controls/ControlRig_Hexagon_3mm.uasset" 453
"../../../Engine/Plugins/Animation/ControlRig/Content/Controls/ControlRig_Hexagon_3mm.uexp" 454
"../../../Engine/Plugins/Animation/ControlRig/Content/Controls/ControlRig_Hexagon_1mm.ubulk" 455
"../../../Engine/Plugins/Animation/ControlRig/Content/Controls/ControlRig_Hexagon_1mm.uasset" 456
"../../../Engine/Plugins/Animation/ControlRig/Content/Controls/ControlRig_Hexagon_1mm.uexp" 457
"../../../Engine/Plugins/Animation/ControlRig/Content/Controls/ControlRig_HalfCircle_solid.ubulk" 458
"../../../Engine/Plugins/Animation/ControlRig/Content/Controls/ControlRig_HalfCircle_solid.uasset" 459
"../../../Engine/Plugins/Animation/ControlRig/Content/Controls/ControlRig_HalfCircle_solid.uexp" 460
"../../../Engine/Plugins/Animation/ControlRig/Content/Controls/ControlRig_HalfCircle_3mm.ubulk" 461
"../../../Engine/Plugins/Animation/ControlRig/Content/Controls/ControlRig_HalfCircle_3mm.uasset" 462
"../../../Engine/Plugins/Animation/ControlRig/Content/Controls/ControlRig_HalfCircle_3mm.uexp" 463
"../../../Engine/Plugins/Animation/ControlRig/Content/Controls/ControlRig_HalfCircle_1mm.ubulk" 464
"../../../Engine/Plugins/Animation/ControlRig/Content/Controls/ControlRig_HalfCircle_1mm.uasset" 465
"../../../Engine/Plugins/Animation/ControlRig/Content/Controls/ControlRig_HalfCircle_1mm.uexp" 466
"../../../Engine/Plugins/Animation/ControlRig/Content/Controls/ControlRig_Diamond_solid.ubulk" 467
"../../../Engine/Plugins/Animation/ControlRig/Content/Controls/ControlRig_Diamond_solid.uasset" 468
"../../../Engine/Plugins/Animation/ControlRig/Content/Controls/ControlRig_Diamond_solid.uexp" 469
"../../../Engine/Plugins/Animation/ControlRig/Content/Controls/ControlRig_Diamond_3mm.ubulk" 470
"../../../Engine/Plugins/Animation/ControlRig/Content/Controls/ControlRig_Diamond_3mm.uasset" 471
"../../../Engine/Plugins/Animation/ControlRig/Content/Controls/ControlRig_Diamond_3mm.uexp" 472
"../../../Engine/Plugins/Animation/ControlRig/Content/Controls/ControlRig_Diamond_1mm.ubulk" 473
"../../../Engine/Plugins/Animation/ControlRig/Content/Controls/ControlRig_Diamond_1mm.uasset" 474
"../../../Engine/Plugins/Animation/ControlRig/Content/Controls/ControlRig_Diamond_1mm.uexp" 475
"../../../Engine/Plugins/Animation/ControlRig/Content/Controls/ControlRig_Circle_solid.ubulk" 476
"../../../Engine/Plugins/Animation/ControlRig/Content/Controls/ControlRig_Circle_solid.uasset" 477
"../../../Engine/Plugins/Animation/ControlRig/Content/Controls/ControlRig_Circle_solid.uexp" 478
"../../../Engine/Plugins/Animation/ControlRig/Content/Controls/ControlRig_Circle_3mm.ubulk" 479
"../../../Engine/Plugins/Animation/ControlRig/Content/Controls/ControlRig_Circle_3mm.uasset" 480
"../../../Engine/Plugins/Animation/ControlRig/Content/Controls/ControlRig_Circle_3mm.uexp" 481
"../../../Engine/Plugins/Animation/ControlRig/Content/Controls/ControlRig_Circle_1mm.ubulk" 482
"../../../Engine/Plugins/Animation/ControlRig/Content/Controls/ControlRig_Circle_1mm.uasset" 483
"../../../Engine/Plugins/Animation/ControlRig/Content/Controls/ControlRig_Circle_1mm.uexp" 484
"../../../Engine/Plugins/Animation/ControlRig/Content/Controls/ControlRig_Box_solid.ubulk" 485
"../../../Engine/Plugins/Animation/ControlRig/Content/Controls/ControlRig_Box_solid.uasset" 486
"../../../Engine/Plugins/Animation/ControlRig/Content/Controls/ControlRig_Box_solid.uexp" 487
"../../../Engine/Plugins/Animation/ControlRig/Content/Controls/ControlRig_Box_3mm.ubulk" 488
"../../../Engine/Plugins/Animation/ControlRig/Content/Controls/ControlRig_Box_3mm.uasset" 489
"../../../Engine/Plugins/Animation/ControlRig/Content/Controls/ControlRig_Box_3mm.uexp" 490
"../../../Engine/Plugins/Animation/ControlRig/Content/Controls/ControlRig_Box_1mm.ubulk" 491
"../../../Engine/Plugins/Animation/ControlRig/Content/Controls/ControlRig_Box_1mm.uasset" 492
"../../../Engine/Plugins/Animation/ControlRig/Content/Controls/ControlRig_Box_1mm.uexp" 493
"../../../Engine/Plugins/Animation/ControlRig/Content/Controls/ControlRig_Arrow_solid.ubulk" 494
"../../../Engine/Plugins/Animation/ControlRig/Content/Controls/ControlRig_Arrow_solid.uasset" 495
"../../../Engine/Plugins/Animation/ControlRig/Content/Controls/ControlRig_Arrow_solid.uexp" 496
"../../../Engine/Plugins/Animation/ControlRig/Content/Controls/ControlRig_Arrow_3mm.ubulk" 497
"../../../Engine/Plugins/Animation/ControlRig/Content/Controls/ControlRig_Arrow_3mm.uasset" 498
"../../../Engine/Plugins/Animation/ControlRig/Content/Controls/ControlRig_Arrow_3mm.uexp" 499
"../../../Engine/Plugins/Animation/ControlRig/Content/Controls/ControlRig_Arrow_1mm.ubulk" 500
"../../../Engine/Plugins/Animation/ControlRig/Content/Controls/ControlRig_Arrow_1mm.uasset" 501
"../../../Engine/Plugins/Animation/ControlRig/Content/Controls/ControlRig_Arrow_1mm.uexp" 502
"../../../Engine/Plugins/Animation/ControlRig/Content/Controls/ControlRig_Arrow4_solid.ubulk" 503
"../../../Engine/Plugins/Animation/ControlRig/Content/Controls/ControlRig_Arrow4_solid.uasset" 504
"../../../Engine/Plugins/Animation/ControlRig/Content/Controls/ControlRig_Arrow4_solid.uexp" 505
"../../../Engine/Plugins/Animation/ControlRig/Content/Controls/ControlRig_Arrow4_3mm.ubulk" 506
"../../../Engine/Plugins/Animation/ControlRig/Content/Controls/ControlRig_Arrow4_3mm.uasset" 507
"../../../Engine/Plugins/Animation/ControlRig/Content/Controls/ControlRig_Arrow4_3mm.uexp" 508
"../../../Engine/Plugins/Animation/ControlRig/Content/Controls/ControlRig_Arrow4_1mm.ubulk" 509
"../../../Engine/Plugins/Animation/ControlRig/Content/Controls/ControlRig_Arrow4_1mm.uasset" 510
"../../../Engine/Plugins/Animation/ControlRig/Content/Controls/ControlRig_Arrow4_1mm.uexp" 511
"../../../Engine/Plugins/Animation/ControlRig/Content/Controls/ControlRig_Arrow2_solid.ubulk" 512
"../../../Engine/Plugins/Animation/ControlRig/Content/Controls/ControlRig_Arrow2_solid.uasset" 513
"../../../Engine/Plugins/Animation/ControlRig/Content/Controls/ControlRig_Arrow2_solid.uexp" 514
"../../../Engine/Plugins/Animation/ControlRig/Content/Controls/ControlRig_Arrow2_3mm.ubulk" 515
"../../../Engine/Plugins/Animation/ControlRig/Content/Controls/ControlRig_Arrow2_3mm.uasset" 516
"../../../Engine/Plugins/Animation/ControlRig/Content/Controls/ControlRig_Arrow2_3mm.uexp" 517
"../../../Engine/Plugins/Animation/ControlRig/Content/Controls/ControlRig_Arrow2_1mm.ubulk" 518
"../../../Engine/Plugins/Animation/ControlRig/Content/Controls/ControlRig_Arrow2_1mm.uasset" 519
"../../../Engine/Plugins/Animation/ControlRig/Content/Controls/ControlRig_Arrow2_1mm.uexp" 520
"../../../Engine/Plugins/Animation/ControlRig/Content/Controls/ControlRigGizmoMaterial.uasset" 521
"../../../Engine/Plugins/Animation/ControlRig/Content/Controls/ControlRigGizmoMaterial.uexp" 522
"../../../Engine/Plugins/Editor/SpeedTreeImporter/Content/SpeedTree9/game_wind_noise.ubulk" 523
"../../../Engine/Plugins/Editor/SpeedTreeImporter/Content/SpeedTree9/game_wind_noise.uasset" 524
"../../../Engine/Plugins/Editor/SpeedTreeImporter/Content/SpeedTree9/game_wind_noise.uexp" 525
"../../../Engine/Plugins/Editor/SpeedTreeImporter/Content/SpeedTree9/UnpackDirection.uasset" 526
"../../../Engine/Plugins/Editor/SpeedTreeImporter/Content/SpeedTree9/UnpackDirection.uexp" 527
"../../../Engine/Content/Functions/Engine_MaterialFunctions02/ObjectLocalBounds.uasset" 528
"../../../Engine/Content/Functions/Engine_MaterialFunctions02/ObjectLocalBounds.uexp" 529
"../../../Engine/Content/Functions/Engine_MaterialFunctions02/UVs/BoundingBoxBased_0-1_UVW.uasset" 530
"../../../Engine/Content/Functions/Engine_MaterialFunctions02/UVs/BoundingBoxBased_0-1_UVW.uexp" 531
"../../../Engine/Content/Functions/Engine_MaterialFunctions02/Utility/VectorLength.uasset" 532
"../../../Engine/Content/Functions/Engine_MaterialFunctions02/Utility/VectorLength.uexp" 533
"../../../Engine/Plugins/Editor/SpeedTreeImporter/Content/SpeedTree9/UnpackInteger3.uasset" 534
"../../../Engine/Plugins/Editor/SpeedTreeImporter/Content/SpeedTree9/UnpackInteger3.uexp" 535
"../../../Engine/Plugins/Editor/SpeedTreeImporter/Content/SpeedTree9/SpeedTreeCameraFacing.uasset" 536
"../../../Engine/Plugins/Editor/SpeedTreeImporter/Content/SpeedTree9/SpeedTreeCameraFacing.uexp" 537
"../../../Engine/Content/Functions/Engine_MaterialFunctions02/WorldPositionOffset/ObjectScale.uasset" 538
"../../../Engine/Content/Functions/Engine_MaterialFunctions02/WorldPositionOffset/ObjectScale.uexp" 539
"../../../Engine/Content/Functions/Engine_MaterialFunctions02/SafeNormalize.uasset" 540
"../../../Engine/Content/Functions/Engine_MaterialFunctions02/SafeNormalize.uexp" 541
"../../../Engine/Plugins/Editor/SpeedTreeImporter/Content/SpeedTree9/SpeedTreeWindMotion.uasset" 542
"../../../Engine/Plugins/Editor/SpeedTreeImporter/Content/SpeedTree9/SpeedTreeWindMotion.uexp" 543
"../../../Engine/Plugins/Editor/SpeedTreeImporter/Content/SpeedTree9/SpeedTreeBranchMotion.uasset" 544
"../../../Engine/Plugins/Editor/SpeedTreeImporter/Content/SpeedTree9/SpeedTreeBranchMotion.uexp" 545
"../../../Engine/Plugins/Editor/SpeedTreeImporter/Content/SpeedTree9/SpeedTreeWind.uasset" 546
"../../../Engine/Plugins/Editor/SpeedTreeImporter/Content/SpeedTree9/SpeedTreeWind.uexp" 547
"../../../Engine/Plugins/Editor/SpeedTreeImporter/Content/SpeedTree9/EmptyNormal.uasset" 548
"../../../Engine/Plugins/Editor/SpeedTreeImporter/Content/SpeedTree9/EmptyNormal.uexp" 549
"../../../Engine/Plugins/Editor/SpeedTreeImporter/Content/SpeedTree9/Empty.uasset" 550
"../../../Engine/Plugins/Editor/SpeedTreeImporter/Content/SpeedTree9/Empty.uexp" 551
"../../../Engine/Plugins/Editor/SpeedTreeImporter/Content/SpeedTree9/SpeedTreeMaster.uasset" 552
"../../../Engine/Plugins/Editor/SpeedTreeImporter/Content/SpeedTree9/SpeedTreeMaster.uexp" 553
"../../../Engine/Plugins/Editor/SpeedTreeImporter/Content/SpeedTree9/SpeedTreeBillboard.uasset" 554
"../../../Engine/Plugins/Editor/SpeedTreeImporter/Content/SpeedTree9/SpeedTreeBillboard.uexp" 555
"../../../Engine/Plugins/Editor/SpeedTreeImporter/Content/SpeedTree9/SpeedTreeBillboardMaster.uasset" 556
"../../../Engine/Plugins/Editor/SpeedTreeImporter/Content/SpeedTree9/SpeedTreeBillboardMaster.uexp" 557
"../../../Engine/Plugins/Experimental/CommonUI/Content/DefaultMediaTexture.uasset" 558
"../../../Engine/Plugins/Experimental/CommonUI/Content/DefaultMediaTexture.uexp" 559
"../../../Engine/Plugins/Experimental/CommonUI/Content/VideoPlayerMaterial.uasset" 560
"../../../Engine/Plugins/Experimental/CommonUI/Content/VideoPlayerMaterial.uexp" 561
"../../../Engine/Plugins/Runtime/HairStrands/Content/Materials/HairMeshesDefaultMaterial.uasset" 562
"../../../Engine/Plugins/Runtime/HairStrands/Content/Materials/HairMeshesDefaultMaterial.uexp" 563
"../../../Engine/Plugins/Runtime/HairStrands/Content/Materials/HairDefaultMaterial.uasset" 564
"../../../Engine/Plugins/Runtime/HairStrands/Content/Materials/HairDefaultMaterial.uexp" 565
"../../../Engine/Plugins/Runtime/HairStrands/Content/Materials/HairGroupColors.uasset" 566
"../../../Engine/Plugins/Runtime/HairStrands/Content/Materials/HairGroupColors.uexp" 567
"../../../Engine/Content/EngineMaterials/HairColorMap.uasset" 568
"../../../Engine/Content/EngineMaterials/HairColorMap.uexp" 569
"../../../Engine/Content/EngineMaterials/HairDebugColor.uasset" 570
"../../../Engine/Content/EngineMaterials/HairDebugColor.uexp" 571
"../../../Engine/Plugins/Runtime/HairStrands/Content/Materials/HairDebugMaterial.uasset" 572
"../../../Engine/Plugins/Runtime/HairStrands/Content/Materials/HairDebugMaterial.uexp" 573
"../../../Engine/Plugins/Runtime/HairStrands/Content/Materials/HairCardsDefaultMaterial.uasset" 574
"../../../Engine/Plugins/Runtime/HairStrands/Content/Materials/HairCardsDefaultMaterial.uexp" 575
"C:/Users/GameHub/Documents/Unreal Projects/TheAgency/Content/Sounds/wav/FootSteps/metal4.ubulk" 576
"C:/Users/GameHub/Documents/Unreal Projects/TheAgency/Content/Sounds/wav/FootSteps/metal4.uasset" 577
"C:/Users/GameHub/Documents/Unreal Projects/TheAgency/Content/Sounds/wav/FootSteps/metal4.uexp" 578
"C:/Users/GameHub/Documents/Unreal Projects/TheAgency/Content/Sounds/wav/FootSteps/metal1.ubulk" 579
"C:/Users/GameHub/Documents/Unreal Projects/TheAgency/Content/Sounds/wav/FootSteps/metal1.uasset" 580
"C:/Users/GameHub/Documents/Unreal Projects/TheAgency/Content/Sounds/wav/FootSteps/metal1.uexp" 581
"C:/Users/GameHub/Documents/Unreal Projects/TheAgency/Content/Sounds/wav/FootSteps/metal3.ubulk" 582
"C:/Users/GameHub/Documents/Unreal Projects/TheAgency/Content/Sounds/wav/FootSteps/metal3.uasset" 583
"C:/Users/GameHub/Documents/Unreal Projects/TheAgency/Content/Sounds/wav/FootSteps/metal3.uexp" 584
"C:/Users/GameHub/Documents/Unreal Projects/TheAgency/Content/Sounds/wav/FootSteps/metal2.ubulk" 585
"C:/Users/GameHub/Documents/Unreal Projects/TheAgency/Content/Sounds/wav/FootSteps/metal2.uasset" 586
"C:/Users/GameHub/Documents/Unreal Projects/TheAgency/Content/Sounds/wav/FootSteps/metal2.uexp" 587
"C:/Users/GameHub/Documents/Unreal Projects/TheAgency/Content/Sounds/MT_MetalFootSteps.uasset" 588
"C:/Users/GameHub/Documents/Unreal Projects/TheAgency/Content/Sounds/MT_MetalFootSteps.uexp" 589
"../../../Engine/Content/BasicShapes/Cube.ubulk" 590
"../../../Engine/Content/BasicShapes/Cube.uasset" 591
"../../../Engine/Content/BasicShapes/Cube.uexp" 592
"C:/Users/GameHub/Documents/Unreal Projects/TheAgency/Content/Blueprints/BP_HF_Movement.uasset" 593
"C:/Users/GameHub/Documents/Unreal Projects/TheAgency/Content/Blueprints/BP_HF_Movement.uexp" 594
"C:/Users/GameHub/Documents/Unreal Projects/TheAgency/Content/Sounds/wav/FootSteps/sand2.ubulk" 595
"C:/Users/GameHub/Documents/Unreal Projects/TheAgency/Content/Sounds/wav/FootSteps/sand2.uasset" 596
"C:/Users/GameHub/Documents/Unreal Projects/TheAgency/Content/Sounds/wav/FootSteps/sand2.uexp" 597
"C:/Users/GameHub/Documents/Unreal Projects/TheAgency/Content/Sounds/wav/FootSteps/sand1.ubulk" 598
"C:/Users/GameHub/Documents/Unreal Projects/TheAgency/Content/Sounds/wav/FootSteps/sand1.uasset" 599
"C:/Users/GameHub/Documents/Unreal Projects/TheAgency/Content/Sounds/wav/FootSteps/sand1.uexp" 600
"C:/Users/GameHub/Documents/Unreal Projects/TheAgency/Content/Sounds/wav/FootSteps/sand3.ubulk" 601
"C:/Users/GameHub/Documents/Unreal Projects/TheAgency/Content/Sounds/wav/FootSteps/sand3.uasset" 602
"C:/Users/GameHub/Documents/Unreal Projects/TheAgency/Content/Sounds/wav/FootSteps/sand3.uexp" 603
"C:/Users/GameHub/Documents/Unreal Projects/TheAgency/Content/Sounds/wav/FootSteps/sand4.ubulk" 604
"C:/Users/GameHub/Documents/Unreal Projects/TheAgency/Content/Sounds/wav/FootSteps/sand4.uasset" 605
"C:/Users/GameHub/Documents/Unreal Projects/TheAgency/Content/Sounds/wav/FootSteps/sand4.uexp" 606
"C:/Users/GameHub/Documents/Unreal Projects/TheAgency/Content/Sounds/MT_SandFootSteps.uasset" 607
"C:/Users/GameHub/Documents/Unreal Projects/TheAgency/Content/Sounds/MT_SandFootSteps.uexp" 608
"C:/Users/GameHub/Documents/Unreal Projects/TheAgency/Content/Sounds/wav/FootSteps/wood3.ubulk" 609
"C:/Users/GameHub/Documents/Unreal Projects/TheAgency/Content/Sounds/wav/FootSteps/wood3.uasset" 610
"C:/Users/GameHub/Documents/Unreal Projects/TheAgency/Content/Sounds/wav/FootSteps/wood3.uexp" 611
"C:/Users/GameHub/Documents/Unreal Projects/TheAgency/Content/Sounds/wav/FootSteps/wood4.ubulk" 612
"C:/Users/GameHub/Documents/Unreal Projects/TheAgency/Content/Sounds/wav/FootSteps/wood4.uasset" 613
"C:/Users/GameHub/Documents/Unreal Projects/TheAgency/Content/Sounds/wav/FootSteps/wood4.uexp" 614
"C:/Users/GameHub/Documents/Unreal Projects/TheAgency/Content/Sounds/wav/FootSteps/wood1.ubulk" 615
"C:/Users/GameHub/Documents/Unreal Projects/TheAgency/Content/Sounds/wav/FootSteps/wood1.uasset" 616
"C:/Users/GameHub/Documents/Unreal Projects/TheAgency/Content/Sounds/wav/FootSteps/wood1.uexp" 617
"C:/Users/GameHub/Documents/Unreal Projects/TheAgency/Content/Sounds/wav/FootSteps/wood2.ubulk" 618
"C:/Users/GameHub/Documents/Unreal Projects/TheAgency/Content/Sounds/wav/FootSteps/wood2.uasset" 619
"C:/Users/GameHub/Documents/Unreal Projects/TheAgency/Content/Sounds/wav/FootSteps/wood2.uexp" 620
"C:/Users/GameHub/Documents/Unreal Projects/TheAgency/Content/Sounds/MT_WoodFootSteps.uasset" 621
"C:/Users/GameHub/Documents/Unreal Projects/TheAgency/Content/Sounds/MT_WoodFootSteps.uexp" 622
"C:/Users/GameHub/Documents/Unreal Projects/TheAgency/Content/Sounds/wav/FootSteps/tile2.ubulk" 623
"C:/Users/GameHub/Documents/Unreal Projects/TheAgency/Content/Sounds/wav/FootSteps/tile2.uasset" 624
"C:/Users/GameHub/Documents/Unreal Projects/TheAgency/Content/Sounds/wav/FootSteps/tile2.uexp" 625
"C:/Users/GameHub/Documents/Unreal Projects/TheAgency/Content/Sounds/wav/FootSteps/tile4.ubulk" 626
"C:/Users/GameHub/Documents/Unreal Projects/TheAgency/Content/Sounds/wav/FootSteps/tile4.uasset" 627
"C:/Users/GameHub/Documents/Unreal Projects/TheAgency/Content/Sounds/wav/FootSteps/tile4.uexp" 628
"C:/Users/GameHub/Documents/Unreal Projects/TheAgency/Content/Sounds/wav/FootSteps/tile1.ubulk" 629
"C:/Users/GameHub/Documents/Unreal Projects/TheAgency/Content/Sounds/wav/FootSteps/tile1.uasset" 630
"C:/Users/GameHub/Documents/Unreal Projects/TheAgency/Content/Sounds/wav/FootSteps/tile1.uexp" 631
"C:/Users/GameHub/Documents/Unreal Projects/TheAgency/Content/Sounds/wav/FootSteps/tile3.ubulk" 632
"C:/Users/GameHub/Documents/Unreal Projects/TheAgency/Content/Sounds/wav/FootSteps/tile3.uasset" 633
"C:/Users/GameHub/Documents/Unreal Projects/TheAgency/Content/Sounds/wav/FootSteps/tile3.uexp" 634
"C:/Users/GameHub/Documents/Unreal Projects/TheAgency/Content/Sounds/MT_TileFootSteps.uasset" 635
"C:/Users/GameHub/Documents/Unreal Projects/TheAgency/Content/Sounds/MT_TileFootSteps.uexp" 636
"../../../Engine/Content/Functions/Engine_MaterialFunctions02/Utility/FOV.uasset" 637
"../../../Engine/Content/Functions/Engine_MaterialFunctions02/Utility/FOV.uexp" 638
"C:/Users/GameHub/Documents/Unreal Projects/TheAgency/Content/Materials/WeaponFOV.uasset" 639
"C:/Users/GameHub/Documents/Unreal Projects/TheAgency/Content/Materials/WeaponFOV.uexp" 640
"C:/Users/GameHub/Documents/Unreal Projects/TheAgency/Content/Sounds/wav/FootSteps/grass2.ubulk" 641
"C:/Users/GameHub/Documents/Unreal Projects/TheAgency/Content/Sounds/wav/FootSteps/grass2.uasset" 642
"C:/Users/GameHub/Documents/Unreal Projects/TheAgency/Content/Sounds/wav/FootSteps/grass2.uexp" 643
"C:/Users/GameHub/Documents/Unreal Projects/TheAgency/Content/Sounds/wav/FootSteps/grass4.ubulk" 644
"C:/Users/GameHub/Documents/Unreal Projects/TheAgency/Content/Sounds/wav/FootSteps/grass4.uasset" 645
"C:/Users/GameHub/Documents/Unreal Projects/TheAgency/Content/Sounds/wav/FootSteps/grass4.uexp" 646
"C:/Users/GameHub/Documents/Unreal Projects/TheAgency/Content/Sounds/wav/FootSteps/grass1.ubulk" 647
"C:/Users/GameHub/Documents/Unreal Projects/TheAgency/Content/Sounds/wav/FootSteps/grass1.uasset" 648
"C:/Users/GameHub/Documents/Unreal Projects/TheAgency/Content/Sounds/wav/FootSteps/grass1.uexp" 649
"C:/Users/GameHub/Documents/Unreal Projects/TheAgency/Content/Sounds/wav/FootSteps/grass3.ubulk" 650
"C:/Users/GameHub/Documents/Unreal Projects/TheAgency/Content/Sounds/wav/FootSteps/grass3.uasset" 651
"C:/Users/GameHub/Documents/Unreal Projects/TheAgency/Content/Sounds/wav/FootSteps/grass3.uexp" 652
"C:/Users/GameHub/Documents/Unreal Projects/TheAgency/Content/Sounds/MT_GrassFootSteps.uasset" 653
"C:/Users/GameHub/Documents/Unreal Projects/TheAgency/Content/Sounds/MT_GrassFootSteps.uexp" 654
"C:/Users/GameHub/Documents/Unreal Projects/TheAgency/Content/Blueprints/Interactable/Interactors/InteractorState.uasset" 655
"C:/Users/GameHub/Documents/Unreal Projects/TheAgency/Content/Blueprints/Interactable/Interactors/InteractorState.uexp" 656
"C:/Users/GameHub/Documents/Unreal Projects/TheAgency/Content/Blueprints/Interactable/iBP_Interactor.uasset" 657
"C:/Users/GameHub/Documents/Unreal Projects/TheAgency/Content/Blueprints/Interactable/iBP_Interactor.uexp" 658
"../../../Engine/Content/EditorBlueprintResources/StandardMacros.uasset" 659
"../../../Engine/Content/EditorBlueprintResources/StandardMacros.uexp" 660
"C:/Users/GameHub/Documents/Unreal Projects/TheAgency/Content/Blueprints/BP_Gordon.uasset" 661
"C:/Users/GameHub/Documents/Unreal Projects/TheAgency/Content/Blueprints/BP_Gordon.uexp" 662
"C:/Users/GameHub/Documents/Unreal Projects/TheAgency/Content/Blueprints/BP_GameMode.uasset" 663
"C:/Users/GameHub/Documents/Unreal Projects/TheAgency/Content/Blueprints/BP_GameMode.uexp" 664
"../../../Engine/Content/Maps/Entry_BuiltData.uasset" 665
"../../../Engine/Content/Maps/Entry_BuiltData.uexp" 666
"../../../Engine/Content/Maps/Entry.uexp" 667
"../../../Engine/Content/Maps/Entry.umap" 668
"C:/Users/GameHub/Documents/Unreal Projects/TheAgency/Content/Textures/DevTextures/C1A1_FLR2C.uasset" 669
"C:/Users/GameHub/Documents/Unreal Projects/TheAgency/Content/Textures/DevTextures/C1A1_FLR2C.uexp" 670
"C:/Users/GameHub/Documents/Unreal Projects/TheAgency/Content/Materials/BaseSourceMat.uasset" 671
"C:/Users/GameHub/Documents/Unreal Projects/TheAgency/Content/Materials/BaseSourceMat.uexp" 672
"C:/Users/GameHub/Documents/Unreal Projects/TheAgency/Content/Materials/Mat_Floor.uasset" 673
"C:/Users/GameHub/Documents/Unreal Projects/TheAgency/Content/Materials/Mat_Floor.uexp" 674
"C:/Users/GameHub/Documents/Unreal Projects/TheAgency/Content/Levels/Meshes/Generated/Mesh__A3D8D2.ubulk" 675
"C:/Users/GameHub/Documents/Unreal Projects/TheAgency/Content/Levels/Meshes/Generated/Mesh__A3D8D2.uasset" 676
"C:/Users/GameHub/Documents/Unreal Projects/TheAgency/Content/Levels/Meshes/Generated/Mesh__A3D8D2.uexp" 677
"C:/Users/GameHub/Documents/Unreal Projects/TheAgency/Content/Blueprints/Interactable/iBP_Interactable.uasset" 678
"C:/Users/GameHub/Documents/Unreal Projects/TheAgency/Content/Blueprints/Interactable/iBP_Interactable.uexp" 679
"C:/Users/GameHub/Documents/Unreal Projects/TheAgency/Content/UI/BasicInteractorUI.uasset" 680
"C:/Users/GameHub/Documents/Unreal Projects/TheAgency/Content/UI/BasicInteractorUI.uexp" 681
"C:/Users/GameHub/Documents/Unreal Projects/TheAgency/Content/Blueprints/Interactable/Interactors/BasicInteractor.uasset" 682
"C:/Users/GameHub/Documents/Unreal Projects/TheAgency/Content/Blueprints/Interactable/Interactors/BasicInteractor.uexp" 683
"C:/Users/GameHub/Documents/Unreal Projects/TheAgency/Content/Tools/BaseClass/Enum_BakedGeneratedState.uasset" 684
"C:/Users/GameHub/Documents/Unreal Projects/TheAgency/Content/Tools/BaseClass/Enum_BakedGeneratedState.uexp" 685
"C:/Users/GameHub/Documents/Unreal Projects/TheAgency/Content/Sounds/wav/Doors/button24.ubulk" 686
"C:/Users/GameHub/Documents/Unreal Projects/TheAgency/Content/Sounds/wav/Doors/button24.uasset" 687
"C:/Users/GameHub/Documents/Unreal Projects/TheAgency/Content/Sounds/wav/Doors/button24.uexp" 688
"C:/Users/GameHub/Documents/Unreal Projects/TheAgency/Content/Sounds/SC_Button.uasset" 689
"C:/Users/GameHub/Documents/Unreal Projects/TheAgency/Content/Sounds/SC_Button.uexp" 690
"C:/Users/GameHub/Documents/Unreal Projects/TheAgency/Content/Levels/Meshes/Generated/Mesh__B785F9.ubulk" 691
"C:/Users/GameHub/Documents/Unreal Projects/TheAgency/Content/Levels/Meshes/Generated/Mesh__B785F9.uasset" 692
"C:/Users/GameHub/Documents/Unreal Projects/TheAgency/Content/Levels/Meshes/Generated/Mesh__B785F9.uexp" 693
"C:/Users/GameHub/Documents/Unreal Projects/TheAgency/Content/UI/Dialog/DialogReplyObject.uasset" 694
"C:/Users/GameHub/Documents/Unreal Projects/TheAgency/Content/UI/Dialog/DialogReplyObject.uexp" 695
"C:/Users/GameHub/Documents/Unreal Projects/TheAgency/Content/UI/Dialog/DialogEntryWidget.uasset" 696
"C:/Users/GameHub/Documents/Unreal Projects/TheAgency/Content/UI/Dialog/DialogEntryWidget.uexp" 697
"C:/Users/GameHub/Documents/Unreal Projects/TheAgency/Content/UI/Dialog/DialogState.uasset" 698
"C:/Users/GameHub/Documents/Unreal Projects/TheAgency/Content/UI/Dialog/DialogState.uexp" 699
"C:/Users/GameHub/Documents/Unreal Projects/TheAgency/Content/UI/Dialog/CommonDialog.uasset" 700
"C:/Users/GameHub/Documents/Unreal Projects/TheAgency/Content/UI/Dialog/CommonDialog.uexp" 701
"C:/Users/GameHub/Documents/Unreal Projects/TheAgency/Content/UI/Dialog/DialogBlackboard.uasset" 702
"C:/Users/GameHub/Documents/Unreal Projects/TheAgency/Content/UI/Dialog/DialogBlackboard.uexp" 703
"C:/Users/GameHub/Documents/Unreal Projects/TheAgency/Content/Blueprints/Interactable/InteractablesComponents/Dialog/DialogAIController.uasset" 704
"C:/Users/GameHub/Documents/Unreal Projects/TheAgency/Content/Blueprints/Interactable/InteractablesComponents/Dialog/DialogAIController.uexp" 705
"C:/Users/GameHub/Documents/Unreal Projects/TheAgency/Content/Blueprints/Interactable/InteractablesComponents/Dialog/DialogInteractableComponent.uasset" 706
"C:/Users/GameHub/Documents/Unreal Projects/TheAgency/Content/Blueprints/Interactable/InteractablesComponents/Dialog/DialogInteractableComponent.uexp" 707
"C:/Users/GameHub/Documents/Unreal Projects/TheAgency/Content/Levels/Meshes/Generated/Mesh__A12A9E.ubulk" 708
"C:/Users/GameHub/Documents/Unreal Projects/TheAgency/Content/Levels/Meshes/Generated/Mesh__A12A9E.uasset" 709
"C:/Users/GameHub/Documents/Unreal Projects/TheAgency/Content/Levels/Meshes/Generated/Mesh__A12A9E.uexp" 710
"C:/Users/GameHub/Documents/Unreal Projects/TheAgency/Content/Levels/Meshes/Generated/Mesh__47B34C.ubulk" 711
"C:/Users/GameHub/Documents/Unreal Projects/TheAgency/Content/Levels/Meshes/Generated/Mesh__47B34C.uasset" 712
"C:/Users/GameHub/Documents/Unreal Projects/TheAgency/Content/Levels/Meshes/Generated/Mesh__47B34C.uexp" 713
"C:/Users/GameHub/Documents/Unreal Projects/TheAgency/Content/Levels/Meshes/Generated/Mesh__0659A3.ubulk" 714
"C:/Users/GameHub/Documents/Unreal Projects/TheAgency/Content/Levels/Meshes/Generated/Mesh__0659A3.uasset" 715
"C:/Users/GameHub/Documents/Unreal Projects/TheAgency/Content/Levels/Meshes/Generated/Mesh__0659A3.uexp" 716
"C:/Users/GameHub/Documents/Unreal Projects/TheAgency/Content/Levels/Playground/Meshes/Generated/Mesh__C0B88E.ubulk" 717
"C:/Users/GameHub/Documents/Unreal Projects/TheAgency/Content/Levels/Playground/Meshes/Generated/Mesh__C0B88E.uasset" 718
"C:/Users/GameHub/Documents/Unreal Projects/TheAgency/Content/Levels/Playground/Meshes/Generated/Mesh__C0B88E.uexp" 719
"C:/Users/GameHub/Documents/Unreal Projects/TheAgency/Content/Levels/Meshes/Generated/Mesh__E3D3B5.ubulk" 720
"C:/Users/GameHub/Documents/Unreal Projects/TheAgency/Content/Levels/Meshes/Generated/Mesh__E3D3B5.uasset" 721
"C:/Users/GameHub/Documents/Unreal Projects/TheAgency/Content/Levels/Meshes/Generated/Mesh__E3D3B5.uexp" 722
"../../../Engine/Content/EngineSky/T_Sky_Stars.ubulk" 723
"../../../Engine/Content/EngineSky/T_Sky_Stars.uasset" 724
"../../../Engine/Content/EngineSky/T_Sky_Stars.uexp" 725
"../../../Engine/Content/EngineSky/T_Sky_Clouds_M.ubulk" 726
"../../../Engine/Content/EngineSky/T_Sky_Clouds_M.uasset" 727
"../../../Engine/Content/EngineSky/T_Sky_Clouds_M.uexp" 728
"../../../Engine/Content/EngineSky/T_Sky_Blue.ubulk" 729
"../../../Engine/Content/EngineSky/T_Sky_Blue.uasset" 730
"../../../Engine/Content/EngineSky/T_Sky_Blue.uexp" 731
"../../../Engine/Content/EngineSky/M_Sky_Panning_Clouds2.uasset" 732
"../../../Engine/Content/EngineSky/M_Sky_Panning_Clouds2.uexp" 733
"../../../Engine/Content/EngineSky/SM_SkySphere.ubulk" 734
"../../../Engine/Content/EngineSky/SM_SkySphere.uasset" 735
"../../../Engine/Content/EngineSky/SM_SkySphere.uexp" 736
"C:/Users/GameHub/Documents/Unreal Projects/TheAgency/Content/Textures/DevTextures/C1A0_LABW5.uasset" 737
"C:/Users/GameHub/Documents/Unreal Projects/TheAgency/Content/Textures/DevTextures/C1A0_LABW5.uexp" 738
"C:/Users/GameHub/Documents/Unreal Projects/TheAgency/Content/Materials/Wall_Mat.uasset" 739
"C:/Users/GameHub/Documents/Unreal Projects/TheAgency/Content/Materials/Wall_Mat.uexp" 740
"C:/Users/GameHub/Documents/Unreal Projects/TheAgency/Content/Materials/Physics/MatPhy_Wood.uasset" 741
"C:/Users/GameHub/Documents/Unreal Projects/TheAgency/Content/Materials/Physics/MatPhy_Wood.uexp" 742
"C:/Users/GameHub/Documents/Unreal Projects/TheAgency/Content/Levels/Meshes/Generated/Mesh__08B8C6.ubulk" 743
"C:/Users/GameHub/Documents/Unreal Projects/TheAgency/Content/Levels/Meshes/Generated/Mesh__08B8C6.uasset" 744
"C:/Users/GameHub/Documents/Unreal Projects/TheAgency/Content/Levels/Meshes/Generated/Mesh__08B8C6.uexp" 745
"C:/Users/GameHub/Documents/Unreal Projects/TheAgency/Content/Tools/BaseClass/BakedStaticMeshActor.uasset" 746
"C:/Users/GameHub/Documents/Unreal Projects/TheAgency/Content/Tools/BaseClass/BakedStaticMeshActor.uexp" 747
"C:/Users/GameHub/Documents/Unreal Projects/TheAgency/Content/Levels/Meshes/Generated/Mesh__F87BB9.ubulk" 748
"C:/Users/GameHub/Documents/Unreal Projects/TheAgency/Content/Levels/Meshes/Generated/Mesh__F87BB9.uasset" 749
"C:/Users/GameHub/Documents/Unreal Projects/TheAgency/Content/Levels/Meshes/Generated/Mesh__F87BB9.uexp" 750
"C:/Users/GameHub/Documents/Unreal Projects/TheAgency/Content/Levels/PlayGround_BuiltData.ubulk" 751
"C:/Users/GameHub/Documents/Unreal Projects/TheAgency/Content/Levels/PlayGround_BuiltData.uasset" 752
"C:/Users/GameHub/Documents/Unreal Projects/TheAgency/Content/Levels/PlayGround_BuiltData.uexp" 753
"C:/Users/GameHub/Documents/Unreal Projects/TheAgency/Content/Blueprints/Interactable/InteractablesComponents/BasicInteractableComponent.uasset" 754
"C:/Users/GameHub/Documents/Unreal Projects/TheAgency/Content/Blueprints/Interactable/InteractablesComponents/BasicInteractableComponent.uexp" 755
"C:/Users/GameHub/Documents/Unreal Projects/TheAgency/Content/Levels/Meshes/Generated/Mesh__9CAA92.ubulk" 756
"C:/Users/GameHub/Documents/Unreal Projects/TheAgency/Content/Levels/Meshes/Generated/Mesh__9CAA92.uasset" 757
"C:/Users/GameHub/Documents/Unreal Projects/TheAgency/Content/Levels/Meshes/Generated/Mesh__9CAA92.uexp" 758
"C:/Users/GameHub/Documents/Unreal Projects/TheAgency/Content/Levels/Meshes/Generated/Mesh__771EB0.ubulk" 759
"C:/Users/GameHub/Documents/Unreal Projects/TheAgency/Content/Levels/Meshes/Generated/Mesh__771EB0.uasset" 760
"C:/Users/GameHub/Documents/Unreal Projects/TheAgency/Content/Levels/Meshes/Generated/Mesh__771EB0.uexp" 761
"C:/Users/GameHub/Documents/Unreal Projects/TheAgency/Content/Levels/Meshes/Generated/Mesh__DC6A39.ubulk" 762
"C:/Users/GameHub/Documents/Unreal Projects/TheAgency/Content/Levels/Meshes/Generated/Mesh__DC6A39.uasset" 763
"C:/Users/GameHub/Documents/Unreal Projects/TheAgency/Content/Levels/Meshes/Generated/Mesh__DC6A39.uexp" 764
"C:/Users/GameHub/Documents/Unreal Projects/TheAgency/Content/Levels/Meshes/Generated/DoorHandle.ubulk" 765
"C:/Users/GameHub/Documents/Unreal Projects/TheAgency/Content/Levels/Meshes/Generated/DoorHandle.uasset" 766
"C:/Users/GameHub/Documents/Unreal Projects/TheAgency/Content/Levels/Meshes/Generated/DoorHandle.uexp" 767
"C:/Users/GameHub/Documents/Unreal Projects/TheAgency/Content/Textures/DevTextures/dev_measuredoor01.ubulk" 768
"C:/Users/GameHub/Documents/Unreal Projects/TheAgency/Content/Textures/DevTextures/dev_measuredoor01.uasset" 769
"C:/Users/GameHub/Documents/Unreal Projects/TheAgency/Content/Textures/DevTextures/dev_measuredoor01.uexp" 770
"C:/Users/GameHub/Documents/Unreal Projects/TheAgency/Content/Materials/DevMaterials/Mat_DevDoor.uasset" 771
"C:/Users/GameHub/Documents/Unreal Projects/TheAgency/Content/Materials/DevMaterials/Mat_DevDoor.uexp" 772
"C:/Users/GameHub/Documents/Unreal Projects/TheAgency/Content/Levels/Meshes/Generated/Door.ubulk" 773
"C:/Users/GameHub/Documents/Unreal Projects/TheAgency/Content/Levels/Meshes/Generated/Door.uasset" 774
"C:/Users/GameHub/Documents/Unreal Projects/TheAgency/Content/Levels/Meshes/Generated/Door.uexp" 775
"C:/Users/GameHub/Documents/Unreal Projects/TheAgency/Content/Sounds/wav/Doors/door_locked2.ubulk" 776
"C:/Users/GameHub/Documents/Unreal Projects/TheAgency/Content/Sounds/wav/Doors/door_locked2.uasset" 777
"C:/Users/GameHub/Documents/Unreal Projects/TheAgency/Content/Sounds/wav/Doors/door_locked2.uexp" 778
"C:/Users/GameHub/Documents/Unreal Projects/TheAgency/Content/Sounds/DoorLocked.uasset" 779
"C:/Users/GameHub/Documents/Unreal Projects/TheAgency/Content/Sounds/DoorLocked.uexp" 780
"C:/Users/GameHub/Documents/Unreal Projects/TheAgency/Content/Blueprints/Interactable/InteractablesComponents/DoorInteractableComponent.uasset" 781
"C:/Users/GameHub/Documents/Unreal Projects/TheAgency/Content/Blueprints/Interactable/InteractablesComponents/DoorInteractableComponent.uexp" 782
"C:/Users/GameHub/Documents/Unreal Projects/TheAgency/Content/Sounds/wav/Doors/door1_stop.ubulk" 783
"C:/Users/GameHub/Documents/Unreal Projects/TheAgency/Content/Sounds/wav/Doors/door1_stop.uasset" 784
"C:/Users/GameHub/Documents/Unreal Projects/TheAgency/Content/Sounds/wav/Doors/door1_stop.uexp" 785
"C:/Users/GameHub/Documents/Unreal Projects/TheAgency/Content/Sounds/DoorShut.uasset" 786
"C:/Users/GameHub/Documents/Unreal Projects/TheAgency/Content/Sounds/DoorShut.uexp" 787
"C:/Users/GameHub/Documents/Unreal Projects/TheAgency/Content/Sounds/wav/Doors/door1_move.ubulk" 788
"C:/Users/GameHub/Documents/Unreal Projects/TheAgency/Content/Sounds/wav/Doors/door1_move.uasset" 789
"C:/Users/GameHub/Documents/Unreal Projects/TheAgency/Content/Sounds/wav/Doors/door1_move.uexp" 790
"C:/Users/GameHub/Documents/Unreal Projects/TheAgency/Content/Sounds/DoorOpen.uasset" 791
"C:/Users/GameHub/Documents/Unreal Projects/TheAgency/Content/Sounds/DoorOpen.uexp" 792
"C:/Users/GameHub/Documents/Unreal Projects/TheAgency/Content/Blueprints/Interactable/InteractablesComponents/TestDoorInteractable.uasset" 793
"C:/Users/GameHub/Documents/Unreal Projects/TheAgency/Content/Blueprints/Interactable/InteractablesComponents/TestDoorInteractable.uexp" 794
"../../../Engine/Content/BasicShapes/BasicShapeMaterial.uasset" 795
"../../../Engine/Content/BasicShapes/BasicShapeMaterial.uexp" 796
"C:/Users/GameHub/Documents/Unreal Projects/TheAgency/Content/UI/Dialog/Tasks/ReplyTask.uasset" 797
"C:/Users/GameHub/Documents/Unreal Projects/TheAgency/Content/UI/Dialog/Tasks/ReplyTask.uexp" 798
"C:/Users/GameHub/Documents/Unreal Projects/TheAgency/Content/UI/Dialog/Tasks/SpeakTask.uasset" 799
"C:/Users/GameHub/Documents/Unreal Projects/TheAgency/Content/UI/Dialog/Tasks/SpeakTask.uexp" 800
"C:/Users/GameHub/Documents/Unreal Projects/TheAgency/Content/UI/Dialog/Tasks/ExitTask.uasset" 801
"C:/Users/GameHub/Documents/Unreal Projects/TheAgency/Content/UI/Dialog/Tasks/ExitTask.uexp" 802
"C:/Users/GameHub/Documents/Unreal Projects/TheAgency/Content/UI/Dialog/DialogTree.uasset" 803
"C:/Users/GameHub/Documents/Unreal Projects/TheAgency/Content/UI/Dialog/DialogTree.uexp" 804
"C:/Users/GameHub/Documents/Unreal Projects/TheAgency/Content/Blueprints/Interactable/Interactables/Dialog.uasset" 805
"C:/Users/GameHub/Documents/Unreal Projects/TheAgency/Content/Blueprints/Interactable/Interactables/Dialog.uexp" 806
"C:/Users/GameHub/Documents/Unreal Projects/TheAgency/Content/Blueprints/Interactable/Interactables/BP_Light.uasset" 807
"C:/Users/GameHub/Documents/Unreal Projects/TheAgency/Content/Blueprints/Interactable/Interactables/BP_Light.uexp" 808
"C:/Users/GameHub/Documents/Unreal Projects/TheAgency/Content/Levels/Meshes/Generated/Mesh__8F43B5.ubulk" 809
"C:/Users/GameHub/Documents/Unreal Projects/TheAgency/Content/Levels/Meshes/Generated/Mesh__8F43B5.uasset" 810
"C:/Users/GameHub/Documents/Unreal Projects/TheAgency/Content/Levels/Meshes/Generated/Mesh__8F43B5.uexp" 811
"C:/Users/GameHub/Documents/Unreal Projects/TheAgency/Content/Levels/Meshes/Generated/Mesh__D493D3.ubulk" 812
"C:/Users/GameHub/Documents/Unreal Projects/TheAgency/Content/Levels/Meshes/Generated/Mesh__D493D3.uasset" 813
"C:/Users/GameHub/Documents/Unreal Projects/TheAgency/Content/Levels/Meshes/Generated/Mesh__D493D3.uexp" 814
"C:/Users/GameHub/Documents/Unreal Projects/TheAgency/Content/Sounds/wav/Doors/lightswitch2.ubulk" 815
"C:/Users/GameHub/Documents/Unreal Projects/TheAgency/Content/Sounds/wav/Doors/lightswitch2.uasset" 816
"C:/Users/GameHub/Documents/Unreal Projects/TheAgency/Content/Sounds/wav/Doors/lightswitch2.uexp" 817
"C:/Users/GameHub/Documents/Unreal Projects/TheAgency/Content/Sounds/LightSwitch.uasset" 818
"C:/Users/GameHub/Documents/Unreal Projects/TheAgency/Content/Sounds/LightSwitch.uexp" 819
"C:/Users/GameHub/Documents/Unreal Projects/TheAgency/Content/Blueprints/Interactable/Interactables/BP_Switch.uasset" 820
"C:/Users/GameHub/Documents/Unreal Projects/TheAgency/Content/Blueprints/Interactable/Interactables/BP_Switch.uexp" 821
"../../../Engine/Content/EngineSky/M_SimpleSkyDome.uasset" 822
"../../../Engine/Content/EngineSky/M_SimpleSkyDome.uexp" 823
"C:/Users/GameHub/Documents/Unreal Projects/TheAgency/Content/Levels/Meshes/Generated/Mesh__53695F.ubulk" 824
"C:/Users/GameHub/Documents/Unreal Projects/TheAgency/Content/Levels/Meshes/Generated/Mesh__53695F.uasset" 825
"C:/Users/GameHub/Documents/Unreal Projects/TheAgency/Content/Levels/Meshes/Generated/Mesh__53695F.uexp" 826
"C:/Users/GameHub/Documents/Unreal Projects/TheAgency/Content/Levels/Meshes/Generated/Mesh__3B5750.ubulk" 827
"C:/Users/GameHub/Documents/Unreal Projects/TheAgency/Content/Levels/Meshes/Generated/Mesh__3B5750.uasset" 828
"C:/Users/GameHub/Documents/Unreal Projects/TheAgency/Content/Levels/Meshes/Generated/Mesh__3B5750.uexp" 829
"C:/Users/GameHub/Documents/Unreal Projects/TheAgency/Content/Levels/PlayGround.uexp" 830
"C:/Users/GameHub/Documents/Unreal Projects/TheAgency/Content/Levels/PlayGround.umap" 831
